[2024-09-19T02:53:16.931+0000] {local_task_job_runner.py:123} INFO - ::group::Pre task execution logs
[2024-09-19T02:53:16.971+0000] {taskinstance.py:2612} INFO - Dependencies all met for dep_context=non-requeueable deps ti=<TaskInstance: newyorktrip_etl_dag.complete_newyorktrip_etl manual__2024-09-19T02:53:06.554407+00:00 [queued]>
[2024-09-19T02:53:16.986+0000] {taskinstance.py:2612} INFO - Dependencies all met for dep_context=requeueable deps ti=<TaskInstance: newyorktrip_etl_dag.complete_newyorktrip_etl manual__2024-09-19T02:53:06.554407+00:00 [queued]>
[2024-09-19T02:53:16.988+0000] {taskinstance.py:2865} INFO - Starting attempt 1 of 2
[2024-09-19T02:53:17.017+0000] {taskinstance.py:2888} INFO - Executing <Task(PythonOperator): complete_newyorktrip_etl> on 2024-09-19 02:53:06.554407+00:00
[2024-09-19T02:53:17.031+0000] {warnings.py:112} WARNING - /home/***/.local/lib/python3.12/site-packages/***/task/task_runner/standard_task_runner.py:70: DeprecationWarning: This process (pid=265) is multi-threaded, use of fork() may lead to deadlocks in the child.
  pid = os.fork()

[2024-09-19T02:53:17.037+0000] {standard_task_runner.py:72} INFO - Started process 267 to run task
[2024-09-19T02:53:17.039+0000] {standard_task_runner.py:104} INFO - Running: ['***', 'tasks', 'run', 'newyorktrip_etl_dag', 'complete_newyorktrip_etl', 'manual__2024-09-19T02:53:06.554407+00:00', '--job-id', '10', '--raw', '--subdir', 'DAGS_FOLDER/newyorktrip_etl_dag.py', '--cfg-path', '/tmp/tmpfgs0n2nx']
[2024-09-19T02:53:17.041+0000] {standard_task_runner.py:105} INFO - Job 10: Subtask complete_newyorktrip_etl
[2024-09-19T02:53:17.131+0000] {task_command.py:467} INFO - Running <TaskInstance: newyorktrip_etl_dag.complete_newyorktrip_etl manual__2024-09-19T02:53:06.554407+00:00 [running]> on host a7e16da057b8
[2024-09-19T02:53:17.283+0000] {taskinstance.py:3131} INFO - Exporting env vars: AIRFLOW_CTX_DAG_EMAIL='***@example.com' AIRFLOW_CTX_DAG_OWNER='***' AIRFLOW_CTX_DAG_ID='newyorktrip_etl_dag' AIRFLOW_CTX_TASK_ID='complete_newyorktrip_etl' AIRFLOW_CTX_EXECUTION_DATE='2024-09-19T02:53:06.554407+00:00' AIRFLOW_CTX_TRY_NUMBER='1' AIRFLOW_CTX_DAG_RUN_ID='manual__2024-09-19T02:53:06.554407+00:00'
[2024-09-19T02:53:17.285+0000] {logging_mixin.py:190} INFO - Task instance is in running state
[2024-09-19T02:53:17.286+0000] {logging_mixin.py:190} INFO -  Previous state of the Task instance: queued
[2024-09-19T02:53:17.287+0000] {logging_mixin.py:190} INFO - Current task name:complete_newyorktrip_etl state:running start_date:2024-09-19 02:53:16.972168+00:00
[2024-09-19T02:53:17.288+0000] {logging_mixin.py:190} INFO - Dag name:newyorktrip_etl_dag and current dag run status:running
[2024-09-19T02:53:17.289+0000] {taskinstance.py:731} INFO - ::endgroup::
[2024-09-19T02:53:18.656+0000] {logging_mixin.py:190} INFO - Connection successful!
[2024-09-19T02:53:20.142+0000] {logging_mixin.py:190} INFO - Data loaded successfully
[2024-09-19T02:53:20.144+0000] {python.py:240} INFO - Done. Returned value was: None
[2024-09-19T02:53:20.160+0000] {taskinstance.py:340} INFO - ::group::Post task execution logs
[2024-09-19T02:53:20.161+0000] {taskinstance.py:352} INFO - Marking task as SUCCESS. dag_id=newyorktrip_etl_dag, task_id=complete_newyorktrip_etl, run_id=manual__2024-09-19T02:53:06.554407+00:00, execution_date=20240919T025306, start_date=20240919T025316, end_date=20240919T025320
[2024-09-19T02:53:20.181+0000] {logging_mixin.py:190} INFO - Task instance in success state
[2024-09-19T02:53:20.182+0000] {logging_mixin.py:190} INFO -  Previous state of the Task instance: running
[2024-09-19T02:53:20.183+0000] {logging_mixin.py:190} INFO - Dag name:newyorktrip_etl_dag queued_at:2024-09-19 02:53:06.580406+00:00
[2024-09-19T02:53:20.183+0000] {logging_mixin.py:190} INFO - Task hostname:a7e16da057b8 operator:PythonOperator
[2024-09-19T02:53:20.232+0000] {local_task_job_runner.py:266} INFO - Task exited with return code 0
[2024-09-19T02:53:20.259+0000] {taskinstance.py:3900} INFO - 0 downstream tasks scheduled from follow-on schedule check
[2024-09-19T02:53:20.263+0000] {local_task_job_runner.py:245} INFO - ::endgroup::
